-------------------------------------------------------------------------------
Test set: com.example.demo.behavioral.mediator.MediatorCommandTest
-------------------------------------------------------------------------------
Tests run: 1, Failures: 1, Errors: 0, Skipped: 0, Time elapsed: 0.002 s <<< FAILURE! -- in com.example.demo.behavioral.mediator.MediatorCommandTest
com.example.demo.behavioral.mediator.MediatorCommandTest.run_printsDescriptionAndStubMarker(CapturedOutput) -- Time elapsed: 0.002 s <<< FAILURE!
java.lang.AssertionError: 

Expecting actual:
  === Mediator Pattern ===
Define an object that encapsulates how a set of objects interact,
promoting loose coupling by keeping objects from referring to each
other explicitly.

Without a mediator, N components with cross-cutting communication
require O(N²) references. The mediator centralises that logic.

Example: a chat room (Mediator) that routes messages between User
objects — users only know about the room, not each other.

[stub — full demo coming]


not to contain:
  "[stub — full demo coming]"

	at com.example.demo.behavioral.mediator.MediatorCommandTest.run_printsDescriptionAndStubMarker(MediatorCommandTest.java:17)
	at java.base/java.lang.reflect.Method.invoke(Method.java:565)
	at java.base/java.util.ArrayList.forEach(ArrayList.java:1612)
	at java.base/java.util.ArrayList.forEach(ArrayList.java:1612)

