-------------------------------------------------------------------------------
Test set: com.example.demo.behavioral.memento.CounterMementoTest
-------------------------------------------------------------------------------
Tests run: 5, Failures: 1, Errors: 4, Skipped: 0, Time elapsed: 0.007 s <<< FAILURE! -- in com.example.demo.behavioral.memento.CounterMementoTest
com.example.demo.behavioral.memento.CounterMementoTest.history_pop_onEmpty_returnsNull -- Time elapsed: 0.001 s <<< ERROR!
java.lang.UnsupportedOperationException
	at com.example.demo.behavioral.memento.MementoHistory.pop(MementoHistory.java:5)
	at com.example.demo.behavioral.memento.CounterMementoTest.history_pop_onEmpty_returnsNull(CounterMementoTest.java:50)
	at java.base/java.lang.reflect.Method.invoke(Method.java:565)
	at java.base/java.util.ArrayList.forEach(ArrayList.java:1612)
	at java.base/java.util.ArrayList.forEach(ArrayList.java:1612)

com.example.demo.behavioral.memento.CounterMementoTest.incrementThenRestore_revertsToPreIncrementValue -- Time elapsed: 0.001 s <<< ERROR!
java.lang.UnsupportedOperationException
	at com.example.demo.behavioral.memento.Counter.increment(Counter.java:7)
	at com.example.demo.behavioral.memento.CounterMementoTest.incrementThenRestore_revertsToPreIncrementValue(CounterMementoTest.java:25)
	at java.base/java.lang.reflect.Method.invoke(Method.java:565)
	at java.base/java.util.ArrayList.forEach(ArrayList.java:1612)
	at java.base/java.util.ArrayList.forEach(ArrayList.java:1612)

com.example.demo.behavioral.memento.CounterMementoTest.save_andRestore_revertsValue -- Time elapsed: 0.001 s <<< ERROR!
java.lang.UnsupportedOperationException
	at com.example.demo.behavioral.memento.Counter.save(Counter.java:9)
	at com.example.demo.behavioral.memento.CounterMementoTest.save_andRestore_revertsValue(CounterMementoTest.java:16)
	at java.base/java.lang.reflect.Method.invoke(Method.java:565)
	at java.base/java.util.ArrayList.forEach(ArrayList.java:1612)
	at java.base/java.util.ArrayList.forEach(ArrayList.java:1612)

com.example.demo.behavioral.memento.CounterMementoTest.memento_hasNoPublicValueGetter -- Time elapsed: 0.002 s <<< FAILURE!
org.opentest4j.AssertionFailedError: 

Expecting value to be false but was true
	at java.base/jdk.internal.reflect.DirectConstructorHandleAccessor.newInstance(DirectConstructorHandleAccessor.java:62)
	at java.base/java.lang.reflect.Constructor.newInstanceWithCaller(Constructor.java:499)
	at com.example.demo.behavioral.memento.CounterMementoTest.memento_hasNoPublicValueGetter(CounterMementoTest.java:59)
	at java.base/java.lang.reflect.Method.invoke(Method.java:565)
	at java.base/java.util.ArrayList.forEach(ArrayList.java:1612)
	at java.base/java.util.ArrayList.forEach(ArrayList.java:1612)

com.example.demo.behavioral.memento.CounterMementoTest.multipleSnapshots_undoInReverseOrder -- Time elapsed: 0.001 s <<< ERROR!
java.lang.UnsupportedOperationException
	at com.example.demo.behavioral.memento.Counter.save(Counter.java:9)
	at com.example.demo.behavioral.memento.CounterMementoTest.multipleSnapshots_undoInReverseOrder(CounterMementoTest.java:37)
	at java.base/java.lang.reflect.Method.invoke(Method.java:565)
	at java.base/java.util.ArrayList.forEach(ArrayList.java:1612)
	at java.base/java.util.ArrayList.forEach(ArrayList.java:1612)

