-------------------------------------------------------------------------------
Test set: com.example.demo.behavioral.chain.SupportChainTest
-------------------------------------------------------------------------------
Tests run: 8, Failures: 0, Errors: 8, Skipped: 0, Time elapsed: 0.005 s <<< FAILURE! -- in com.example.demo.behavioral.chain.SupportChainTest
com.example.demo.behavioral.chain.SupportChainTest.fullChain_severity3_handledByLevel1 -- Time elapsed: 0.001 s <<< ERROR!
java.lang.UnsupportedOperationException
	at com.example.demo.behavioral.chain.Level1Support.handle(Level1Support.java:4)
	at com.example.demo.behavioral.chain.SupportChainTest.fullChain_severity3_handledByLevel1(SupportChainTest.java:29)
	at java.base/java.lang.reflect.Method.invoke(Method.java:565)
	at java.base/java.util.ArrayList.forEach(ArrayList.java:1612)
	at java.base/java.util.ArrayList.forEach(ArrayList.java:1612)

com.example.demo.behavioral.chain.SupportChainTest.level3_handlesSeverity8Ticket -- Time elapsed: 0 s <<< ERROR!
java.lang.UnsupportedOperationException
	at com.example.demo.behavioral.chain.Level3Support.handle(Level3Support.java:4)
	at com.example.demo.behavioral.chain.SupportChainTest.level3_handlesSeverity8Ticket(SupportChainTest.java:65)
	at java.base/java.lang.reflect.Method.invoke(Method.java:565)
	at java.base/java.util.ArrayList.forEach(ArrayList.java:1612)
	at java.base/java.util.ArrayList.forEach(ArrayList.java:1612)

com.example.demo.behavioral.chain.SupportChainTest.noHandlerCapable_returnsUnhandledMessage -- Time elapsed: 0.001 s <<< ERROR!
java.lang.UnsupportedOperationException
	at com.example.demo.behavioral.chain.Level1Support.handle(Level1Support.java:4)
	at com.example.demo.behavioral.chain.SupportChainTest.noHandlerCapable_returnsUnhandledMessage(SupportChainTest.java:81)
	at java.base/java.lang.reflect.Method.invoke(Method.java:565)
	at java.base/java.util.ArrayList.forEach(ArrayList.java:1612)
	at java.base/java.util.ArrayList.forEach(ArrayList.java:1612)

com.example.demo.behavioral.chain.SupportChainTest.level2_handlesSeverity5Ticket -- Time elapsed: 0 s <<< ERROR!
java.lang.UnsupportedOperationException
	at com.example.demo.behavioral.chain.Level2Support.handle(Level2Support.java:4)
	at com.example.demo.behavioral.chain.SupportChainTest.level2_handlesSeverity5Ticket(SupportChainTest.java:59)
	at java.base/java.lang.reflect.Method.invoke(Method.java:565)
	at java.base/java.util.ArrayList.forEach(ArrayList.java:1612)
	at java.base/java.util.ArrayList.forEach(ArrayList.java:1612)

com.example.demo.behavioral.chain.SupportChainTest.fullChain_severity8_handledByLevel3 -- Time elapsed: 0 s <<< ERROR!
java.lang.UnsupportedOperationException
	at com.example.demo.behavioral.chain.Level1Support.handle(Level1Support.java:4)
	at com.example.demo.behavioral.chain.SupportChainTest.fullChain_severity8_handledByLevel3(SupportChainTest.java:49)
	at java.base/java.lang.reflect.Method.invoke(Method.java:565)
	at java.base/java.util.ArrayList.forEach(ArrayList.java:1612)
	at java.base/java.util.ArrayList.forEach(ArrayList.java:1612)

com.example.demo.behavioral.chain.SupportChainTest.fullChain_severity5_handledByLevel2 -- Time elapsed: 0 s <<< ERROR!
java.lang.UnsupportedOperationException
	at com.example.demo.behavioral.chain.Level1Support.handle(Level1Support.java:4)
	at com.example.demo.behavioral.chain.SupportChainTest.fullChain_severity5_handledByLevel2(SupportChainTest.java:39)
	at java.base/java.lang.reflect.Method.invoke(Method.java:565)
	at java.base/java.util.ArrayList.forEach(ArrayList.java:1612)
	at java.base/java.util.ArrayList.forEach(ArrayList.java:1612)

com.example.demo.behavioral.chain.SupportChainTest.level1_handlesSeverity1Ticket -- Time elapsed: 0 s <<< ERROR!
java.lang.UnsupportedOperationException
	at com.example.demo.behavioral.chain.Level1Support.handle(Level1Support.java:4)
	at com.example.demo.behavioral.chain.SupportChainTest.level1_handlesSeverity1Ticket(SupportChainTest.java:19)
	at java.base/java.lang.reflect.Method.invoke(Method.java:565)
	at java.base/java.util.ArrayList.forEach(ArrayList.java:1612)
	at java.base/java.util.ArrayList.forEach(ArrayList.java:1612)

com.example.demo.behavioral.chain.SupportChainTest.level1_escalatesSeverity4ToNext -- Time elapsed: 0.001 s <<< ERROR!
java.lang.UnsupportedOperationException
	at com.example.demo.behavioral.chain.Level1Support.handle(Level1Support.java:4)
	at com.example.demo.behavioral.chain.SupportChainTest.level1_escalatesSeverity4ToNext(SupportChainTest.java:74)
	at java.base/java.lang.reflect.Method.invoke(Method.java:565)
	at java.base/java.util.ArrayList.forEach(ArrayList.java:1612)
	at java.base/java.util.ArrayList.forEach(ArrayList.java:1612)

