-------------------------------------------------------------------------------
Test set: com.example.demo.behavioral.iterator.NumberRangeTest
-------------------------------------------------------------------------------
Tests run: 7, Failures: 0, Errors: 7, Skipped: 0, Time elapsed: 0.005 s <<< FAILURE! -- in com.example.demo.behavioral.iterator.NumberRangeTest
com.example.demo.behavioral.iterator.NumberRangeTest.singleElement_iteratesOnce -- Time elapsed: 0.001 s <<< ERROR!
java.lang.UnsupportedOperationException
	at com.example.demo.behavioral.iterator.NumberRange.iterator(NumberRange.java:15)
	at com.example.demo.behavioral.iterator.NumberRangeTest.singleElement_iteratesOnce(NumberRangeTest.java:67)
	at java.base/java.lang.reflect.Method.invoke(Method.java:565)
	at java.base/java.util.ArrayList.forEach(ArrayList.java:1612)
	at java.base/java.util.ArrayList.forEach(ArrayList.java:1612)

com.example.demo.behavioral.iterator.NumberRangeTest.emptyRange_hasNoElements -- Time elapsed: 0 s <<< ERROR!
java.lang.UnsupportedOperationException
	at com.example.demo.behavioral.iterator.NumberRange.iterator(NumberRange.java:15)
	at com.example.demo.behavioral.iterator.NumberRangeTest.emptyRange_hasNoElements(NumberRangeTest.java:61)
	at java.base/java.lang.reflect.Method.invoke(Method.java:565)
	at java.base/java.util.ArrayList.forEach(ArrayList.java:1612)
	at java.base/java.util.ArrayList.forEach(ArrayList.java:1612)

com.example.demo.behavioral.iterator.NumberRangeTest.iterator_traversesAllElementsInOrder -- Time elapsed: 0 s <<< ERROR!
java.lang.UnsupportedOperationException
	at com.example.demo.behavioral.iterator.NumberRange.iterator(NumberRange.java:15)
	at com.example.demo.behavioral.iterator.NumberRangeTest.iterator_traversesAllElementsInOrder(NumberRangeTest.java:19)
	at java.base/java.lang.reflect.Method.invoke(Method.java:565)
	at java.base/java.util.ArrayList.forEach(ArrayList.java:1612)
	at java.base/java.util.ArrayList.forEach(ArrayList.java:1612)

com.example.demo.behavioral.iterator.NumberRangeTest.twoIterators_onSameRange_areIndependent -- Time elapsed: 0 s <<< ERROR!
java.lang.UnsupportedOperationException
	at com.example.demo.behavioral.iterator.NumberRange.iterator(NumberRange.java:15)
	at com.example.demo.behavioral.iterator.NumberRangeTest.twoIterators_onSameRange_areIndependent(NumberRangeTest.java:52)
	at java.base/java.lang.reflect.Method.invoke(Method.java:565)
	at java.base/java.util.ArrayList.forEach(ArrayList.java:1612)
	at java.base/java.util.ArrayList.forEach(ArrayList.java:1612)

com.example.demo.behavioral.iterator.NumberRangeTest.hasNext_trueWhileElementsRemain -- Time elapsed: 0 s <<< ERROR!
java.lang.UnsupportedOperationException
	at com.example.demo.behavioral.iterator.NumberRange.iterator(NumberRange.java:15)
	at com.example.demo.behavioral.iterator.NumberRangeTest.hasNext_trueWhileElementsRemain(NumberRangeTest.java:25)
	at java.base/java.lang.reflect.Method.invoke(Method.java:565)
	at java.base/java.util.ArrayList.forEach(ArrayList.java:1612)
	at java.base/java.util.ArrayList.forEach(ArrayList.java:1612)

com.example.demo.behavioral.iterator.NumberRangeTest.hasNext_falseWhenExhausted -- Time elapsed: 0.001 s <<< ERROR!
java.lang.UnsupportedOperationException
	at com.example.demo.behavioral.iterator.NumberRange.iterator(NumberRange.java:15)
	at com.example.demo.behavioral.iterator.NumberRangeTest.hasNext_falseWhenExhausted(NumberRangeTest.java:37)
	at java.base/java.lang.reflect.Method.invoke(Method.java:565)
	at java.base/java.util.ArrayList.forEach(ArrayList.java:1612)
	at java.base/java.util.ArrayList.forEach(ArrayList.java:1612)

com.example.demo.behavioral.iterator.NumberRangeTest.next_throwsNoSuchElementWhenExhausted -- Time elapsed: 0 s <<< ERROR!
java.lang.UnsupportedOperationException
	at com.example.demo.behavioral.iterator.NumberRange.iterator(NumberRange.java:15)
	at com.example.demo.behavioral.iterator.NumberRangeTest.next_throwsNoSuchElementWhenExhausted(NumberRangeTest.java:44)
	at java.base/java.lang.reflect.Method.invoke(Method.java:565)
	at java.base/java.util.ArrayList.forEach(ArrayList.java:1612)
	at java.base/java.util.ArrayList.forEach(ArrayList.java:1612)

