-------------------------------------------------------------------------------
Test set: com.example.demo.structural.proxy.ProxyCommandTest
-------------------------------------------------------------------------------
Tests run: 1, Failures: 1, Errors: 0, Skipped: 0, Time elapsed: 0.001 s <<< FAILURE! -- in com.example.demo.structural.proxy.ProxyCommandTest
com.example.demo.structural.proxy.ProxyCommandTest.run_printsDescriptionAndStubMarker(CapturedOutput) -- Time elapsed: 0.001 s <<< FAILURE!
java.lang.AssertionError: 

Expecting actual:
  === Proxy Pattern ===
Provide a surrogate or placeholder for another object to control access to it.

Common proxy types:
  • Virtual proxy  — defers expensive object creation until first use
  • Protection proxy — controls access based on permissions
  • Remote proxy    — represents an object in another address space
  • Caching proxy   — caches results of expensive operations

Example: a virtual proxy for a high-resolution image that loads the actual
image from disk only when display() is first called.

[stub — full demo coming]


not to contain:
  "[stub — full demo coming]"

	at com.example.demo.structural.proxy.ProxyCommandTest.run_printsDescriptionAndStubMarker(ProxyCommandTest.java:17)
	at java.base/java.lang.reflect.Method.invoke(Method.java:565)
	at java.base/java.util.ArrayList.forEach(ArrayList.java:1612)
	at java.base/java.util.ArrayList.forEach(ArrayList.java:1612)

