-------------------------------------------------------------------------------
Test set: com.example.demo.creational.prototype.PrototypeCommandTest
-------------------------------------------------------------------------------
Tests run: 1, Failures: 1, Errors: 0, Skipped: 0, Time elapsed: 0.002 s <<< FAILURE! -- in com.example.demo.creational.prototype.PrototypeCommandTest
com.example.demo.creational.prototype.PrototypeCommandTest.run_printsDescriptionAndStubMarker(CapturedOutput) -- Time elapsed: 0.001 s <<< FAILURE!
java.lang.AssertionError: 

Expecting actual:
  === Prototype Pattern ===
Specify the kinds of objects to create using a prototypical instance,
and create new objects by copying (cloning) that prototype.

Useful when object creation is expensive (database fetch, complex init)
and a close copy is cheaper than building from scratch. Java's Cloneable
interface or a copy constructor are typical implementation vehicles.

Example: a game engine that clones a pre-configured enemy prototype
rather than re-running expensive asset-loading for each new instance.

[stub — full demo coming]


not to contain:
  "[stub — full demo coming]"

	at com.example.demo.creational.prototype.PrototypeCommandTest.run_printsDescriptionAndStubMarker(PrototypeCommandTest.java:17)
	at java.base/java.lang.reflect.Method.invoke(Method.java:565)
	at java.base/java.util.ArrayList.forEach(ArrayList.java:1612)
	at java.base/java.util.ArrayList.forEach(ArrayList.java:1612)

