-------------------------------------------------------------------------------
Test set: com.example.demo.behavioral.template.DataExporterTest
-------------------------------------------------------------------------------
Tests run: 8, Failures: 0, Errors: 6, Skipped: 0, Time elapsed: 0.008 s <<< FAILURE! -- in com.example.demo.behavioral.template.DataExporterTest
com.example.demo.behavioral.template.DataExporterTest.sameData_differentExporter_differentFormat -- Time elapsed: 0 s <<< ERROR!
java.lang.UnsupportedOperationException
	at com.example.demo.behavioral.template.CsvExporter.header(CsvExporter.java:4)
	at com.example.demo.behavioral.template.DataExporter.export(DataExporter.java:9)
	at com.example.demo.behavioral.template.DataExporterTest.sameData_differentExporter_differentFormat(DataExporterTest.java:62)
	at java.base/java.lang.reflect.Method.invoke(Method.java:565)
	at java.base/java.util.ArrayList.forEach(ArrayList.java:1612)
	at java.base/java.util.ArrayList.forEach(ArrayList.java:1612)

com.example.demo.behavioral.template.DataExporterTest.jsonExporter_output_isValidJsonStructure -- Time elapsed: 0 s <<< ERROR!
java.lang.UnsupportedOperationException
	at com.example.demo.behavioral.template.JsonExporter.header(JsonExporter.java:4)
	at com.example.demo.behavioral.template.DataExporter.export(DataExporter.java:9)
	at com.example.demo.behavioral.template.DataExporterTest.jsonExporter_output_isValidJsonStructure(DataExporterTest.java:37)
	at java.base/java.lang.reflect.Method.invoke(Method.java:565)
	at java.base/java.util.ArrayList.forEach(ArrayList.java:1612)
	at java.base/java.util.ArrayList.forEach(ArrayList.java:1612)

com.example.demo.behavioral.template.DataExporterTest.csvExporter_rows_areCommaSeparated -- Time elapsed: 0 s <<< ERROR!
java.lang.UnsupportedOperationException
	at com.example.demo.behavioral.template.CsvExporter.header(CsvExporter.java:4)
	at com.example.demo.behavioral.template.DataExporter.export(DataExporter.java:9)
	at com.example.demo.behavioral.template.DataExporterTest.csvExporter_rows_areCommaSeparated(DataExporterTest.java:23)
	at java.base/java.lang.reflect.Method.invoke(Method.java:565)
	at java.base/java.util.ArrayList.forEach(ArrayList.java:1612)
	at java.base/java.util.ArrayList.forEach(ArrayList.java:1612)

com.example.demo.behavioral.template.DataExporterTest.csvExporter_header_isFirstLine -- Time elapsed: 0.001 s <<< ERROR!
java.lang.UnsupportedOperationException
	at com.example.demo.behavioral.template.CsvExporter.header(CsvExporter.java:4)
	at com.example.demo.behavioral.template.DataExporter.export(DataExporter.java:9)
	at com.example.demo.behavioral.template.DataExporterTest.csvExporter_header_isFirstLine(DataExporterTest.java:16)
	at java.base/java.lang.reflect.Method.invoke(Method.java:565)
	at java.base/java.util.ArrayList.forEach(ArrayList.java:1612)
	at java.base/java.util.ArrayList.forEach(ArrayList.java:1612)

com.example.demo.behavioral.template.DataExporterTest.jsonExporter_containsAllInputRows -- Time elapsed: 0 s <<< ERROR!
java.lang.UnsupportedOperationException
	at com.example.demo.behavioral.template.JsonExporter.header(JsonExporter.java:4)
	at com.example.demo.behavioral.template.DataExporter.export(DataExporter.java:9)
	at com.example.demo.behavioral.template.DataExporterTest.jsonExporter_containsAllInputRows(DataExporterTest.java:43)
	at java.base/java.lang.reflect.Method.invoke(Method.java:565)
	at java.base/java.util.ArrayList.forEach(ArrayList.java:1612)
	at java.base/java.util.ArrayList.forEach(ArrayList.java:1612)

com.example.demo.behavioral.template.DataExporterTest.csvExporter_footer_isLastLine -- Time elapsed: 0 s <<< ERROR!
java.lang.UnsupportedOperationException
	at com.example.demo.behavioral.template.CsvExporter.header(CsvExporter.java:4)
	at com.example.demo.behavioral.template.DataExporter.export(DataExporter.java:9)
	at com.example.demo.behavioral.template.DataExporterTest.csvExporter_footer_isLastLine(DataExporterTest.java:29)
	at java.base/java.lang.reflect.Method.invoke(Method.java:565)
	at java.base/java.util.ArrayList.forEach(ArrayList.java:1612)
	at java.base/java.util.ArrayList.forEach(ArrayList.java:1612)

