-------------------------------------------------------------------------------
Test set: com.example.demo.behavioral.visitor.VisitorCommandTest
-------------------------------------------------------------------------------
Tests run: 1, Failures: 1, Errors: 0, Skipped: 0, Time elapsed: 0.001 s <<< FAILURE! -- in com.example.demo.behavioral.visitor.VisitorCommandTest
com.example.demo.behavioral.visitor.VisitorCommandTest.run_printsDescriptionAndStubMarker(CapturedOutput) -- Time elapsed: 0.001 s <<< FAILURE!
java.lang.AssertionError: 

Expecting actual:
  === Visitor Pattern ===
Represent an operation to be performed on elements of an object structure;
Visitor lets you define a new operation without changing the classes of
the elements it operates on.

Double dispatch: each element calls visitor.visit(this), and the correct
overload is selected based on both the visitor type and the element type.

Example: an AST (abstract syntax tree) with NumberNode, AddNode, MulNode —
a PrintVisitor, EvalVisitor, and TypeCheckVisitor each traverse the same
nodes without modifying the AST classes.

[stub — full demo coming]


not to contain:
  "[stub — full demo coming]"

	at com.example.demo.behavioral.visitor.VisitorCommandTest.run_printsDescriptionAndStubMarker(VisitorCommandTest.java:17)
	at java.base/java.lang.reflect.Method.invoke(Method.java:565)
	at java.base/java.util.ArrayList.forEach(ArrayList.java:1612)
	at java.base/java.util.ArrayList.forEach(ArrayList.java:1612)

