-------------------------------------------------------------------------------
Test set: com.example.demo.behavioral.state.VendingMachineTest
-------------------------------------------------------------------------------
Tests run: 7, Failures: 0, Errors: 7, Skipped: 0, Time elapsed: 0.005 s <<< FAILURE! -- in com.example.demo.behavioral.state.VendingMachineTest
com.example.demo.behavioral.state.VendingMachineTest.hasCoin_eject_returnsCoin_transitionsToIdle -- Time elapsed: 0.001 s <<< ERROR!
java.lang.UnsupportedOperationException
	at com.example.demo.behavioral.state.IdleState.insert(IdleState.java:4)
	at com.example.demo.behavioral.state.VendingMachine.insert(VendingMachine.java:12)
	at com.example.demo.behavioral.state.VendingMachineTest.hasCoin_eject_returnsCoin_transitionsToIdle(VendingMachineTest.java:44)
	at java.base/java.lang.reflect.Method.invoke(Method.java:565)
	at java.base/java.util.ArrayList.forEach(ArrayList.java:1612)
	at java.base/java.util.ArrayList.forEach(ArrayList.java:1612)

com.example.demo.behavioral.state.VendingMachineTest.outOfStock_insert_returnsOutOfStockError -- Time elapsed: 0 s <<< ERROR!
java.lang.UnsupportedOperationException
	at com.example.demo.behavioral.state.OutOfStockState.insert(OutOfStockState.java:4)
	at com.example.demo.behavioral.state.VendingMachine.insert(VendingMachine.java:12)
	at com.example.demo.behavioral.state.VendingMachineTest.outOfStock_insert_returnsOutOfStockError(VendingMachineTest.java:54)
	at java.base/java.lang.reflect.Method.invoke(Method.java:565)
	at java.base/java.util.ArrayList.forEach(ArrayList.java:1612)
	at java.base/java.util.ArrayList.forEach(ArrayList.java:1612)

com.example.demo.behavioral.state.VendingMachineTest.dispensingLastItem_transitionsToOutOfStock -- Time elapsed: 0 s <<< ERROR!
java.lang.UnsupportedOperationException
	at com.example.demo.behavioral.state.IdleState.insert(IdleState.java:4)
	at com.example.demo.behavioral.state.VendingMachine.insert(VendingMachine.java:12)
	at com.example.demo.behavioral.state.VendingMachineTest.dispensingLastItem_transitionsToOutOfStock(VendingMachineTest.java:62)
	at java.base/java.lang.reflect.Method.invoke(Method.java:565)
	at java.base/java.util.ArrayList.forEach(ArrayList.java:1612)
	at java.base/java.util.ArrayList.forEach(ArrayList.java:1612)

com.example.demo.behavioral.state.VendingMachineTest.idle_eject_returnsNoCoinError -- Time elapsed: 0 s <<< ERROR!
java.lang.UnsupportedOperationException
	at com.example.demo.behavioral.state.IdleState.eject(IdleState.java:5)
	at com.example.demo.behavioral.state.VendingMachine.eject(VendingMachine.java:13)
	at com.example.demo.behavioral.state.VendingMachineTest.idle_eject_returnsNoCoinError(VendingMachineTest.java:27)
	at java.base/java.lang.reflect.Method.invoke(Method.java:565)
	at java.base/java.util.ArrayList.forEach(ArrayList.java:1612)
	at java.base/java.util.ArrayList.forEach(ArrayList.java:1612)

com.example.demo.behavioral.state.VendingMachineTest.idle_insert_transitionsToHasCoin -- Time elapsed: 0 s <<< ERROR!
java.lang.UnsupportedOperationException
	at com.example.demo.behavioral.state.IdleState.insert(IdleState.java:4)
	at com.example.demo.behavioral.state.VendingMachine.insert(VendingMachine.java:12)
	at com.example.demo.behavioral.state.VendingMachineTest.idle_insert_transitionsToHasCoin(VendingMachineTest.java:12)
	at java.base/java.lang.reflect.Method.invoke(Method.java:565)
	at java.base/java.util.ArrayList.forEach(ArrayList.java:1612)
	at java.base/java.util.ArrayList.forEach(ArrayList.java:1612)

com.example.demo.behavioral.state.VendingMachineTest.hasCoin_dispense_dispensesItem_transitionsToIdle -- Time elapsed: 0 s <<< ERROR!
java.lang.UnsupportedOperationException
	at com.example.demo.behavioral.state.IdleState.insert(IdleState.java:4)
	at com.example.demo.behavioral.state.VendingMachine.insert(VendingMachine.java:12)
	at com.example.demo.behavioral.state.VendingMachineTest.hasCoin_dispense_dispensesItem_transitionsToIdle(VendingMachineTest.java:34)
	at java.base/java.lang.reflect.Method.invoke(Method.java:565)
	at java.base/java.util.ArrayList.forEach(ArrayList.java:1612)
	at java.base/java.util.ArrayList.forEach(ArrayList.java:1612)

com.example.demo.behavioral.state.VendingMachineTest.idle_dispense_returnsInsertCoinError -- Time elapsed: 0.002 s <<< ERROR!
java.lang.UnsupportedOperationException
	at com.example.demo.behavioral.state.IdleState.dispense(IdleState.java:6)
	at com.example.demo.behavioral.state.VendingMachine.dispense(VendingMachine.java:14)
	at com.example.demo.behavioral.state.VendingMachineTest.idle_dispense_returnsInsertCoinError(VendingMachineTest.java:19)
	at java.base/java.lang.reflect.Method.invoke(Method.java:565)
	at java.base/java.util.ArrayList.forEach(ArrayList.java:1612)
	at java.base/java.util.ArrayList.forEach(ArrayList.java:1612)

