-------------------------------------------------------------------------------
Test set: com.example.demo.structural.bridge.BridgeCommandTest
-------------------------------------------------------------------------------
Tests run: 1, Failures: 1, Errors: 0, Skipped: 0, Time elapsed: 0.001 s <<< FAILURE! -- in com.example.demo.structural.bridge.BridgeCommandTest
com.example.demo.structural.bridge.BridgeCommandTest.run_printsDescriptionAndStubMarker(CapturedOutput) -- Time elapsed: 0.001 s <<< FAILURE!
java.lang.AssertionError: 

Expecting actual:
  === Bridge Pattern ===
Decouple an abstraction from its implementation so that both can vary
independently.

Without Bridge, combining M abstractions with N implementations leads
to M×N subclasses. Bridge collapses this into M+N by holding the
implementation as a field (composition) rather than encoding it in the
class hierarchy.

Example: Shape (abstraction) delegates rendering to DrawingAPI (impl);
you can add Circle or Square without touching SVGDrawingAPI or CanvasAPI.

[stub — full demo coming]


not to contain:
  "[stub — full demo coming]"

	at com.example.demo.structural.bridge.BridgeCommandTest.run_printsDescriptionAndStubMarker(BridgeCommandTest.java:17)
	at java.base/java.lang.reflect.Method.invoke(Method.java:565)
	at java.base/java.util.ArrayList.forEach(ArrayList.java:1612)
	at java.base/java.util.ArrayList.forEach(ArrayList.java:1612)

