-------------------------------------------------------------------------------
Test set: com.example.demo.creational.prototype.EnemyPrototypeTest
-------------------------------------------------------------------------------
Tests run: 5, Failures: 0, Errors: 4, Skipped: 0, Time elapsed: 0.008 s <<< FAILURE! -- in com.example.demo.creational.prototype.EnemyPrototypeTest
com.example.demo.creational.prototype.EnemyPrototypeTest.registry_returnsNewCloneEachCall -- Time elapsed: 0.001 s <<< ERROR!
java.lang.UnsupportedOperationException
	at com.example.demo.creational.prototype.EnemyPrototypeRegistry.register(EnemyPrototypeRegistry.java:4)
	at com.example.demo.creational.prototype.EnemyPrototypeTest.registry_returnsNewCloneEachCall(EnemyPrototypeTest.java:37)
	at java.base/java.lang.reflect.Method.invoke(Method.java:565)
	at java.base/java.util.ArrayList.forEach(ArrayList.java:1612)
	at java.base/java.util.ArrayList.forEach(ArrayList.java:1612)

com.example.demo.creational.prototype.EnemyPrototypeTest.clone_hasSameFieldValues -- Time elapsed: 0.001 s <<< ERROR!
java.lang.UnsupportedOperationException
	at com.example.demo.creational.prototype.Enemy.clone(Enemy.java:20)
	at com.example.demo.creational.prototype.EnemyPrototypeTest.clone_hasSameFieldValues(EnemyPrototypeTest.java:20)
	at java.base/java.lang.reflect.Method.invoke(Method.java:565)
	at java.base/java.util.ArrayList.forEach(ArrayList.java:1612)
	at java.base/java.util.ArrayList.forEach(ArrayList.java:1612)

com.example.demo.creational.prototype.EnemyPrototypeTest.modifyingClone_doesNotAffectOriginal -- Time elapsed: 0 s <<< ERROR!
java.lang.UnsupportedOperationException
	at com.example.demo.creational.prototype.Enemy.clone(Enemy.java:20)
	at com.example.demo.creational.prototype.EnemyPrototypeTest.modifyingClone_doesNotAffectOriginal(EnemyPrototypeTest.java:29)
	at java.base/java.lang.reflect.Method.invoke(Method.java:565)
	at java.base/java.util.ArrayList.forEach(ArrayList.java:1612)
	at java.base/java.util.ArrayList.forEach(ArrayList.java:1612)

com.example.demo.creational.prototype.EnemyPrototypeTest.clone_isNotSameReference -- Time elapsed: 0.001 s <<< ERROR!
java.lang.UnsupportedOperationException
	at com.example.demo.creational.prototype.Enemy.clone(Enemy.java:20)
	at com.example.demo.creational.prototype.EnemyPrototypeTest.clone_isNotSameReference(EnemyPrototypeTest.java:13)
	at java.base/java.lang.reflect.Method.invoke(Method.java:565)
	at java.base/java.util.ArrayList.forEach(ArrayList.java:1612)
	at java.base/java.util.ArrayList.forEach(ArrayList.java:1612)

