<?xml version="1.0" encoding="UTF-8"?>
<testsuite xmlns:xsi="http://www.w3.org/2001/XMLSchema-instance" xsi:noNamespaceSchemaLocation="https://maven.apache.org/surefire/maven-surefire-plugin/xsd/surefire-test-report-3.0.xsd" version="3.0" name="com.example.demo.creational.singleton.AppRegistryTest" time="0.007" tests="5" errors="0" skipped="0" failures="0">
  <properties>
[...]
</properties>
  <testcase name="stateIsShared_acrossReferences" classname="com.example.demo.creational.singleton.AppRegistryTest" time="0.002"/>
  <testcase name="put_andGet_roundTrip" classname="com.example.demo.creational.singleton.AppRegistryTest" time="0.0"/>
  <testcase name="getInstance_returnsSameReference" classname="com.example.demo.creational.singleton.AppRegistryTest" time="0.001"/>
  <testcase name="defaultValues_arePresent" classname="com.example.demo.creational.singleton.AppRegistryTest" time="0.0"/>
  <testcase name="all_returnsUnmodifiableView" classname="com.example.demo.creational.singleton.AppRegistryTest" time="0.001"/>
</testsuite>